<?xml version="1.0" encoding="UTF-8"?>
<!-- Generated by org.testng.reporters.JUnitReportReporter -->
<testsuite hostname="LAPTOP-9U3QRVBE" failures="0" tests="1" name="LoginFunctionTest.Swaglabs_loginFunction" time="11.399" errors="0" timestamp="2023-07-24T20:16:20 IST" skipped="0">
  <testcase classname="LoginFunctionTest.Swaglabs_loginFunction" name="varifyHomeText" time="11.399"/>
  <system-out/>
</testsuite> <!-- LoginFunctionTest.Swaglabs_loginFunction -->
