<?xml version="1.0" encoding="UTF-8"?>
<!-- Generated by org.testng.reporters.JUnitReportReporter -->
<testsuite hostname="LAPTOP-9U3QRVBE" failures="0" tests="1" name="LoginTest.SwabLabs_Login" time="0.193" errors="0" timestamp="2023-07-19T14:30:18 IST" skipped="0">
  <testcase classname="LoginTest.SwabLabs_Login" name="varifyText" time="0.193"/>
  <system-out/>
</testsuite> <!-- LoginTest.SwabLabs_Login -->
