<?xml version="1.0" encoding="UTF-8"?>
<!-- Generated by org.testng.reporters.JUnitReportReporter -->
<testsuite hostname="LAPTOP-9U3QRVBE" failures="0" tests="1" name="CartTest.CartFunctionality_Test" time="5.235" errors="0" timestamp="2023-07-19T14:30:18 IST" skipped="0">
  <testcase classname="CartTest.CartFunctionality_Test" name="varifyCartText" time="5.235"/>
  <system-out/>
</testsuite> <!-- CartTest.CartFunctionality_Test -->
